/workspace/Headless-Wan2GP/venv/lib/python3.10/site-packages/torch/cuda/__init__.py:61: FutureWarning: The pynvml package is deprecated. Please install nvidia-ml-py instead. If you did not install pynvml directly, please report this to the maintainers of the package that installed pynvml for you.
  import pynvml  # type: ignore[import]
error: XDG_RUNTIME_DIR not set in the environment.
ALSA lib confmisc.c:855:(parse_card) cannot find card '0'
ALSA lib conf.c:5178:(_snd_config_evaluate) function snd_func_card_inum returned error: No such file or directory
ALSA lib confmisc.c:422:(snd_func_concat) error evaluating strings
ALSA lib conf.c:5178:(_snd_config_evaluate) function snd_func_concat returned error: No such file or directory
ALSA lib confmisc.c:1334:(snd_func_refer) error evaluating name
ALSA lib conf.c:5178:(_snd_config_evaluate) function snd_func_refer returned error: No such file or directory
ALSA lib conf.c:5701:(snd_config_expand) Evaluate error: No such file or directory
ALSA lib pcm.c:2664:(snd_pcm_open_noupdate) Unknown PCM default
ALSA lib confmisc.c:855:(parse_card) cannot find card '0'
ALSA lib conf.c:5178:(_snd_config_evaluate) function snd_func_card_inum returned error: No such file or directory
ALSA lib confmisc.c:422:(snd_func_concat) error evaluating strings
ALSA lib conf.c:5178:(_snd_config_evaluate) function snd_func_concat returned error: No such file or directory
ALSA lib confmisc.c:1334:(snd_func_refer) error evaluating name
ALSA lib conf.c:5178:(_snd_config_evaluate) function snd_func_refer returned error: No such file or directory
ALSA lib conf.c:5701:(snd_config_expand) Evaluate error: No such file or directory
ALSA lib pcm.c:2664:(snd_pcm_open_noupdate) Unknown PCM default
[19:10:18] ❌ HEADLESS Failed to initialize Supabase client: Need either service key or anon key for Supabase client initialization.
Traceback (most recent call last):
  File "/workspace/Headless-Wan2GP/worker.py", line 2403, in main
    raise ValueError("Need either service key or anon key for Supabase client initialization.")
ValueError: Need either service key or anon key for Supabase client initialization.

During handling of the above exception, another exception occurred:

Traceback (most recent call last):
  File "/workspace/Headless-Wan2GP/worker.py", line 2711, in <module>
    main() 
  File "/workspace/Headless-Wan2GP/worker.py", line 2428, in main
    headless_logger.critical("Cannot continue without Supabase connection. Exiting.")
AttributeError: 'ComponentLogger' object has no attribute 'critical'
